<?xml version="1.0" encoding="UTF-8"?>
<testng-results ignored="0" total="4" passed="3" failed="1" skipped="0">
  <reporter-output>
  </reporter-output>
  <suite started-at="2025-07-17T22:38:26 IST" name="Default suite" finished-at="2025-07-17T22:41:38 IST" duration-ms="191811">
    <groups>
    </groups>
    <test started-at="2025-07-17T22:38:26 IST" name="Default test" finished-at="2025-07-17T22:41:38 IST" duration-ms="191811">
      <class name="SupermanQA.LoginTest">
        <test-method is-config="true" signature="setup()[pri:0, instance:SupermanQA.LoginTest@ed7f8b4]" started-at="2025-07-17T22:38:26 IST" name="setup" finished-at="2025-07-17T22:38:50 IST" duration-ms="23884" status="PASS">
          <reporter-output>
          </reporter-output>
        </test-method> <!-- setup -->
        <test-method signature="SupermanLogin()[pri:1, instance:SupermanQA.LoginTest@ed7f8b4]" started-at="2025-07-17T22:38:50 IST" name="SupermanLogin" finished-at="2025-07-17T22:38:58 IST" duration-ms="8358" status="PASS">
          <reporter-output>
          </reporter-output>
        </test-method> <!-- SupermanLogin -->
        <test-method signature="SupermanHome()[pri:2, instance:SupermanQA.LoginTest@ed7f8b4]" started-at="2025-07-17T22:38:58 IST" name="SupermanHome" finished-at="2025-07-17T22:39:10 IST" duration-ms="11885" status="PASS">
          <reporter-output>
          </reporter-output>
        </test-method> <!-- SupermanHome -->
        <test-method signature="clickAdminUsingSikuli()[pri:3, instance:SupermanQA.LoginTest@ed7f8b4]" started-at="2025-07-17T22:39:10 IST" name="clickAdminUsingSikuli" finished-at="2025-07-17T22:39:22 IST" duration-ms="11593" status="PASS">
          <reporter-output>
          </reporter-output>
        </test-method> <!-- clickAdminUsingSikuli -->
        <test-method signature="Admin()[pri:4, instance:SupermanQA.LoginTest@ed7f8b4]" started-at="2025-07-17T22:39:22 IST" name="Admin" finished-at="2025-07-17T22:41:38 IST" duration-ms="136016" status="FAIL">
          <exception class="org.openqa.selenium.ElementNotInteractableException">
            <message>
              <![CDATA[element not interactable
  (Session info: chrome=138.0.7204.101)
Build info: version: '4.23.0', revision: '4df0a231af'
System info: os.name: 'Windows 10', os.arch: 'amd64', os.version: '10.0', java.version: '19.0.2'
Driver info: org.openqa.selenium.chrome.ChromeDriver
Command: [7a9f3408c9ae45f6a81744bf3433b944, clickElement {id=f.FD516930B3E88E1AB2B5E439DEDE7BF2.d.5A81B0438815BA9F8075CEA6F0666B9F.e.167}]
Capabilities {acceptInsecureCerts: false, browserName: chrome, browserVersion: 138.0.7204.101, chrome: {chromedriverVersion: 138.0.7204.157 (e533e98b126..., userDataDir: C:\Users\PRAVES~1.SWA\AppDa...}, fedcm:accounts: true, goog:chromeOptions: {debuggerAddress: localhost:61722}, networkConnectionEnabled: false, pageLoadStrategy: normal, platformName: windows, proxy: Proxy(), se:cdp: ws://localhost:61722/devtoo..., se:cdpVersion: 138.0.7204.101, setWindowRect: true, strictFileInteractability: false, timeouts: {implicit: 0, pageLoad: 300000, script: 30000}, unhandledPromptBehavior: dismiss and notify, webauthn:extension:credBlob: true, webauthn:extension:largeBlob: true, webauthn:extension:minPinLength: true, webauthn:extension:prf: true, webauthn:virtualAuthenticators: true}
Element: [[ChromeDriver: chrome on windows (7a9f3408c9ae45f6a81744bf3433b944)] -> xpath: //*[text()="Submit Expenses"]]
Session ID: 7a9f3408c9ae45f6a81744bf3433b944]]>
            </message>
            <full-stacktrace>
              <![CDATA[org.openqa.selenium.ElementNotInteractableException: element not interactable
  (Session info: chrome=138.0.7204.101)
Build info: version: '4.23.0', revision: '4df0a231af'
System info: os.name: 'Windows 10', os.arch: 'amd64', os.version: '10.0', java.version: '19.0.2'
Driver info: org.openqa.selenium.chrome.ChromeDriver
Command: [7a9f3408c9ae45f6a81744bf3433b944, clickElement {id=f.FD516930B3E88E1AB2B5E439DEDE7BF2.d.5A81B0438815BA9F8075CEA6F0666B9F.e.167}]
Capabilities {acceptInsecureCerts: false, browserName: chrome, browserVersion: 138.0.7204.101, chrome: {chromedriverVersion: 138.0.7204.157 (e533e98b126..., userDataDir: C:\Users\PRAVES~1.SWA\AppDa...}, fedcm:accounts: true, goog:chromeOptions: {debuggerAddress: localhost:61722}, networkConnectionEnabled: false, pageLoadStrategy: normal, platformName: windows, proxy: Proxy(), se:cdp: ws://localhost:61722/devtoo..., se:cdpVersion: 138.0.7204.101, setWindowRect: true, strictFileInteractability: false, timeouts: {implicit: 0, pageLoad: 300000, script: 30000}, unhandledPromptBehavior: dismiss and notify, webauthn:extension:credBlob: true, webauthn:extension:largeBlob: true, webauthn:extension:minPinLength: true, webauthn:extension:prf: true, webauthn:virtualAuthenticators: true}
Element: [[ChromeDriver: chrome on windows (7a9f3408c9ae45f6a81744bf3433b944)] -> xpath: //*[text()="Submit Expenses"]]
Session ID: 7a9f3408c9ae45f6a81744bf3433b944
at java.base/jdk.internal.reflect.DirectConstructorHandleAccessor.newInstance(DirectConstructorHandleAccessor.java:67)
at java.base/java.lang.reflect.Constructor.newInstanceWithCaller(Constructor.java:500)
at java.base/java.lang.reflect.Constructor.newInstance(Constructor.java:484)
at org.openqa.selenium.remote.ErrorCodec.decode(ErrorCodec.java:167)
at org.openqa.selenium.remote.codec.w3c.W3CHttpResponseCodec.decode(W3CHttpResponseCodec.java:138)
at org.openqa.selenium.remote.codec.w3c.W3CHttpResponseCodec.decode(W3CHttpResponseCodec.java:50)
at org.openqa.selenium.remote.HttpCommandExecutor.execute(HttpCommandExecutor.java:190)
at org.openqa.selenium.remote.service.DriverCommandExecutor.invokeExecute(DriverCommandExecutor.java:216)
at org.openqa.selenium.remote.service.DriverCommandExecutor.execute(DriverCommandExecutor.java:174)
at org.openqa.selenium.remote.RemoteWebDriver.execute(RemoteWebDriver.java:545)
at org.openqa.selenium.remote.RemoteWebElement.execute(RemoteWebElement.java:223)
at org.openqa.selenium.remote.RemoteWebElement.click(RemoteWebElement.java:76)
at Supermanpages.Admin.SubmitexpensesBtn(Admin.java:219)
at SupermanQA.LoginTest.Admin(LoginTest.java:224)
at java.base/jdk.internal.reflect.DirectMethodHandleAccessor.invoke(DirectMethodHandleAccessor.java:104)
at java.base/java.lang.reflect.Method.invoke(Method.java:578)
at org.testng.internal.invokers.MethodInvocationHelper.invokeMethod(MethodInvocationHelper.java:141)
at org.testng.internal.invokers.TestInvoker.invokeMethod(TestInvoker.java:686)
at org.testng.internal.invokers.TestInvoker.invokeTestMethod(TestInvoker.java:230)
at org.testng.internal.invokers.MethodRunner.runInSequence(MethodRunner.java:63)
at org.testng.internal.invokers.TestInvoker$MethodInvocationAgent.invoke(TestInvoker.java:992)
at org.testng.internal.invokers.TestInvoker.invokeTestMethods(TestInvoker.java:203)
at org.testng.internal.invokers.TestMethodWorker.invokeTestMethods(TestMethodWorker.java:154)
at org.testng.internal.invokers.TestMethodWorker.run(TestMethodWorker.java:134)
at java.base/java.util.ArrayList.forEach(ArrayList.java:1511)
at org.testng.TestRunner.privateRun(TestRunner.java:739)
at org.testng.TestRunner.run(TestRunner.java:614)
at org.testng.SuiteRunner.runTest(SuiteRunner.java:421)
at org.testng.SuiteRunner.runSequentially(SuiteRunner.java:413)
at org.testng.SuiteRunner.privateRun(SuiteRunner.java:373)
at org.testng.SuiteRunner.run(SuiteRunner.java:312)
at org.testng.SuiteRunnerWorker.runSuite(SuiteRunnerWorker.java:52)
at org.testng.SuiteRunnerWorker.run(SuiteRunnerWorker.java:95)
at org.testng.TestNG.runSuitesSequentially(TestNG.java:1274)
at org.testng.TestNG.runSuitesLocally(TestNG.java:1208)
at org.testng.TestNG.runSuites(TestNG.java:1112)
at org.testng.TestNG.run(TestNG.java:1079)
at org.testng.remote.AbstractRemoteTestNG.run(AbstractRemoteTestNG.java:115)
at org.testng.remote.RemoteTestNG.initAndRun(RemoteTestNG.java:293)
at org.testng.remote.RemoteTestNG.main(RemoteTestNG.java:91)
]]>
            </full-stacktrace>
          </exception> <!-- org.openqa.selenium.ElementNotInteractableException -->
          <reporter-output>
          </reporter-output>
        </test-method> <!-- Admin -->
      </class> <!-- SupermanQA.LoginTest -->
    </test> <!-- Default test -->
  </suite> <!-- Default suite -->
</testng-results>
