<?xml version="1.0" encoding="UTF-8"?>
<!-- Generated by org.testng.reporters.JUnitReportReporter -->
<testsuite hostname="HODT-18" failures="0" tests="12" name="SupermanQA.LoginTest" time="309.822" errors="1" timestamp="2025-09-26T11:10:20 IST" skipped="0">
  <testcase classname="SupermanQA.LoginTest" name="SupermanHome" time="27.686"/>
  <testcase classname="SupermanQA.LoginTest" name="Verify_Plan_meet" time="11.596"/>
  <testcase classname="SupermanQA.LoginTest" name="Verify_Review_DCR_Button" time="17.290"/>
  <testcase classname="SupermanQA.LoginTest" name="Verify_Add_Adhocparty" time="27.970"/>
  <testcase classname="SupermanQA.LoginTest" name="Verify_AdhocParty_DCR" time="59.675"/>
  <testcase classname="SupermanQA.LoginTest" name="Verify_Add_NFA" time="48.126"/>
  <testcase classname="SupermanQA.LoginTest" name="Verify_Submit_DCR" time="1.139">
    <error message="element click intercepted: Element &lt;div dir=&quot;auto&quot; class=&quot;css-901oao r-jwli3a r-1gz8vgb r-n6v787 r-oxtfae r-rjixqe&quot; data-testid=&quot;submit-button&quot;&gt;...&lt;/div&gt; is not clickable at point (868, 82). Other element would receive the click: &lt;div class=&quot;css-1dbjc4n r-18u37iz r-1wtj0ep r-1yflyrw r-13qz1uu r-1pwx3x0&quot; style=&quot;&quot;&gt;...&lt;/div&gt;
  (Session info: chrome=140.0.7339.186)
Build info: version: &#039;4.23.0&#039;, revision: &#039;4df0a231af&#039;
System info: os.name: &#039;Windows 10&#039;, os.arch: &#039;amd64&#039;, os.version: &#039;10.0&#039;, java.version: &#039;19.0.2&#039;
Driver info: org.openqa.selenium.chrome.ChromeDriver
Command: [057c84358ebcec6ad785f119d0a1869d, clickElement {id=f.CA3DEEA423578E6C43B55C200B6BD2B2.d.B5E691288C64EADEC99673815B021FF7.e.109}]
Capabilities {acceptInsecureCerts: false, browserName: chrome, browserVersion: 140.0.7339.186, chrome: {chromedriverVersion: 140.0.7339.207 (17230b545fd..., userDataDir: C:\Users\PRAVES~1.SWA\AppDa...}, fedcm:accounts: true, goog:chromeOptions: {debuggerAddress: localhost:65239}, networkConnectionEnabled: false, pageLoadStrategy: normal, platformName: windows, proxy: Proxy(), se:cdp: ws://localhost:65239/devtoo..., se:cdpVersion: 140.0.7339.186, setWindowRect: true, strictFileInteractability: false, timeouts: {implicit: 0, pageLoad: 300000, script: 30000}, unhandledPromptBehavior: dismiss and notify, webauthn:extension:credBlob: true, webauthn:extension:largeBlob: true, webauthn:extension:minPinLength: true, webauthn:extension:prf: true, webauthn:virtualAuthenticators: true}
Element: [[ChromeDriver: chrome on windows (057c84358ebcec6ad785f119d0a1869d)] -&gt; xpath: //*[text()=&quot;Submit&quot;]]
Session ID: 057c84358ebcec6ad785f119d0a1869d" type="org.openqa.selenium.ElementClickInterceptedException">
      <![CDATA[org.openqa.selenium.ElementClickInterceptedException: element click intercepted: Element <div dir="auto" class="css-901oao r-jwli3a r-1gz8vgb r-n6v787 r-oxtfae r-rjixqe" data-testid="submit-button">...</div> is not clickable at point (868, 82). Other element would receive the click: <div class="css-1dbjc4n r-18u37iz r-1wtj0ep r-1yflyrw r-13qz1uu r-1pwx3x0" style="">...</div>
  (Session info: chrome=140.0.7339.186)
Build info: version: '4.23.0', revision: '4df0a231af'
System info: os.name: 'Windows 10', os.arch: 'amd64', os.version: '10.0', java.version: '19.0.2'
Driver info: org.openqa.selenium.chrome.ChromeDriver
Command: [057c84358ebcec6ad785f119d0a1869d, clickElement {id=f.CA3DEEA423578E6C43B55C200B6BD2B2.d.B5E691288C64EADEC99673815B021FF7.e.109}]
Capabilities {acceptInsecureCerts: false, browserName: chrome, browserVersion: 140.0.7339.186, chrome: {chromedriverVersion: 140.0.7339.207 (17230b545fd..., userDataDir: C:\Users\PRAVES~1.SWA\AppDa...}, fedcm:accounts: true, goog:chromeOptions: {debuggerAddress: localhost:65239}, networkConnectionEnabled: false, pageLoadStrategy: normal, platformName: windows, proxy: Proxy(), se:cdp: ws://localhost:65239/devtoo..., se:cdpVersion: 140.0.7339.186, setWindowRect: true, strictFileInteractability: false, timeouts: {implicit: 0, pageLoad: 300000, script: 30000}, unhandledPromptBehavior: dismiss and notify, webauthn:extension:credBlob: true, webauthn:extension:largeBlob: true, webauthn:extension:minPinLength: true, webauthn:extension:prf: true, webauthn:virtualAuthenticators: true}
Element: [[ChromeDriver: chrome on windows (057c84358ebcec6ad785f119d0a1869d)] -> xpath: //*[text()="Submit"]]
Session ID: 057c84358ebcec6ad785f119d0a1869d
at java.base/jdk.internal.reflect.DirectConstructorHandleAccessor.newInstance(DirectConstructorHandleAccessor.java:67)
at java.base/java.lang.reflect.Constructor.newInstanceWithCaller(Constructor.java:500)
at java.base/java.lang.reflect.Constructor.newInstance(Constructor.java:484)
at org.openqa.selenium.remote.ErrorCodec.decode(ErrorCodec.java:167)
at org.openqa.selenium.remote.codec.w3c.W3CHttpResponseCodec.decode(W3CHttpResponseCodec.java:138)
at org.openqa.selenium.remote.codec.w3c.W3CHttpResponseCodec.decode(W3CHttpResponseCodec.java:50)
at org.openqa.selenium.remote.HttpCommandExecutor.execute(HttpCommandExecutor.java:190)
at org.openqa.selenium.remote.service.DriverCommandExecutor.invokeExecute(DriverCommandExecutor.java:216)
at org.openqa.selenium.remote.service.DriverCommandExecutor.execute(DriverCommandExecutor.java:174)
at org.openqa.selenium.remote.RemoteWebDriver.execute(RemoteWebDriver.java:545)
at org.openqa.selenium.remote.RemoteWebElement.execute(RemoteWebElement.java:223)
at org.openqa.selenium.remote.RemoteWebElement.click(RemoteWebElement.java:76)
at Supermanpages.PlanNmeet.SubmitBtn(PlanNmeet.java:215)
at SupermanQA.LoginTest.Verify_Submit_DCR(LoginTest.java:178)
at java.base/jdk.internal.reflect.DirectMethodHandleAccessor.invoke(DirectMethodHandleAccessor.java:104)
at java.base/java.lang.reflect.Method.invoke(Method.java:578)
at org.testng.internal.invokers.MethodInvocationHelper.invokeMethod(MethodInvocationHelper.java:141)
at org.testng.internal.invokers.TestInvoker.invokeMethod(TestInvoker.java:686)
at org.testng.internal.invokers.TestInvoker.invokeTestMethod(TestInvoker.java:230)
at org.testng.internal.invokers.MethodRunner.runInSequence(MethodRunner.java:63)
at org.testng.internal.invokers.TestInvoker$MethodInvocationAgent.invoke(TestInvoker.java:992)
at org.testng.internal.invokers.TestInvoker.invokeTestMethods(TestInvoker.java:203)
at org.testng.internal.invokers.TestMethodWorker.invokeTestMethods(TestMethodWorker.java:154)
at org.testng.internal.invokers.TestMethodWorker.run(TestMethodWorker.java:134)
at java.base/java.util.ArrayList.forEach(ArrayList.java:1511)
at org.testng.TestRunner.privateRun(TestRunner.java:739)
at org.testng.TestRunner.run(TestRunner.java:614)
at org.testng.SuiteRunner.runTest(SuiteRunner.java:421)
at org.testng.SuiteRunner.runSequentially(SuiteRunner.java:413)
at org.testng.SuiteRunner.privateRun(SuiteRunner.java:373)
at org.testng.SuiteRunner.run(SuiteRunner.java:312)
at org.testng.SuiteRunnerWorker.runSuite(SuiteRunnerWorker.java:52)
at org.testng.SuiteRunnerWorker.run(SuiteRunnerWorker.java:95)
at org.testng.TestNG.runSuitesSequentially(TestNG.java:1274)
at org.testng.TestNG.runSuitesLocally(TestNG.java:1208)
at org.testng.TestNG.runSuites(TestNG.java:1112)
at org.testng.TestNG.run(TestNG.java:1079)
at org.testng.remote.AbstractRemoteTestNG.run(AbstractRemoteTestNG.java:115)
at org.testng.remote.RemoteTestNG.initAndRun(RemoteTestNG.java:293)
at org.testng.remote.RemoteTestNG.main(RemoteTestNG.java:91)
]]>
    </error>
  </testcase> <!-- Verify_Submit_DCR -->
  <testcase classname="SupermanQA.LoginTest" name="Verify_Performance_Tab" time="16.694"/>
  <testcase classname="SupermanQA.LoginTest" name="Verify_Directory_Tab" time="23.099"/>
  <testcase classname="SupermanQA.LoginTest" name="Verify_GSP_Tab" time="22.164"/>
  <testcase classname="SupermanQA.LoginTest" name="Verify_Import_Dcr" time="30.559"/>
  <testcase classname="SupermanQA.LoginTest" name="Verify_Logout" time="23.824"/>
</testsuite> <!-- SupermanQA.LoginTest -->
